
MSE
5   loss: 0.2501 - accuracy: 0.0067 - val_loss: 0.2501 - val_accuracy: 0.0000e+00
-> 10  loss: 0.2501 - accuracy: 0.0086 - val_loss: 0.2501 - val_accuracy: 4.6120e-04
40  loss: 0.2502 - accuracy: 0.0078 - val_loss: 0.2503 - val_accuracy: 8.8692e-06
80  loss: 0.2504 - accuracy: 0.0078 - val_loss: 0.2504 - val_accuracy: 0.0045
90  loss: 0.2504 - accuracy: 0.0080 - val_loss: 0.2504 - val_accuracy: 0.0040
100 loss: 0.2504 - accuracy: 0.0086 - val_loss: 0.2505 - val_accuracy: 1.7738e-05
120 loss: 0.2505 - accuracy: 0.0075 - val_loss: 0.2506 - val_accuracy: 2.9268e-04
200 loss: 0.2506 - accuracy: 0.0080 - val_loss: 0.2506 - val_accuracy: 0.0018ss: 0.2506 - accuracy: 0.0083
250 loss: 0.2507 - accuracy: 0.0079 - val_loss: 0.2507 - val_accuracy: 8.4257e-04
300 loss: 0.2508 - accuracy: 0.0073 - val_loss: 0.2506 - val_accuracy: 0.0035
------------------------------- 2 Capas -------------------------------

5   loss: 0.2501 - accuracy: 0.0053 - val_loss: 0.2501 - val_accuracy: 1.7738e-05
10  loss: 0.2501 - accuracy: 0.0084 - val_loss: 0.2501 - val_accuracy: 0.0000e+00
40  loss: 0.2501 - accuracy: 0.0069 - val_loss: 0.2501 - val_accuracy: 0.0000e+00
80  loss: 0.2501 - accuracy: 0.0062 - val_loss: 0.2501 - val_accuracy: 4.6120e-04
90  loss: 0.2501 - accuracy: 0.0068 - val_loss: 0.2502 - val_accuracy: 8.8692e-05
-> 100 loss: 0.2501 - accuracy: 0.0094 - val_loss: 0.2501 - val_accuracy: 0.0451
120 loss: 0.2501 - accuracy: 0.0052 - val_loss: 0.2501 - val_accuracy: 0.0000e+00
200 loss: 0.2501 - accuracy: 0.0067 - val_loss: 0.2501 - val_accuracy: 0.0011
250 loss: 0.2501 - accuracy: 0.0084 - val_loss: 0.2501 - val_accuracy: 6.8293e-04
300 loss: 0.2501 - accuracy: 0.0082 - val_loss: 0.2502 - val_accuracy: 0.0000e+00
------------------------------- 3 Capas -------------------------------

5   loss: 0.2501 - accuracy: 0.0069 - val_loss: 0.2501 - val_accuracy: 0.0000e+00
10  loss: 0.2501 - accuracy: 0.0066 - val_loss: 0.2501 - val_accuracy: 1.8625e-04
40  loss: 0.2501 - accuracy: 0.0082 - val_loss: 0.2501 - val_accuracy: 0.0043
80  loss: 0.2501 - accuracy: 0.0085 - val_loss: 0.2501 - val_accuracy: 0.0019
90  loss: 0.2501 - accuracy: 0.0078 - val_loss: 0.2501 - val_accuracy: 0.0000e+00
100 loss: 0.2501 - accuracy: 0.0076 - val_loss: 0.2501 - val_accuracy: 8.8692e-06
120 loss: 0.2501 - accuracy: 0.0067 - val_loss: 0.2501 - val_accuracy: 1.7738e-05
200 loss: 0.2501 - accuracy: 0.0063 - val_loss: 0.2501 - val_accuracy: 0.0000e+00
250 loss: 0.2501 - accuracy: 0.0076 - val_loss: 0.2502 - val_accuracy: 0.0038
300 loss: 0.2501 - accuracy: 0.0072 - val_loss: 0.2502 - val_accuracy: 9.7561e-04
///////////////////////////////////////////////////////////////////////////////////////////////////

binary_crossentropy

5   loss: 0.6933 - accuracy: 0.0062 - val_loss: 0.6933 - val_accuracy: 0.0000e+00
-> 10  loss: 0.6933 - accuracy: 0.0075 - val_loss: 0.6933 - val_accuracy: 0.0041
40  loss: 0.6935 - accuracy: 0.0069 - val_loss: 0.6936 - val_accuracy: 5.0554e-04
80  loss: 0.6938 - accuracy: 0.0075 - val_loss: 0.6939 - val_accuracy: 8.0710e-04
90  loss: 0.6938 - accuracy: 0.0068 - val_loss: 0.6941 - val_accuracy: 4.6120e-04
100 loss: 0.6939 - accuracy: 0.0077 - val_loss: 0.6938 - val_accuracy: 0.0112
120 loss: 0.6939 - accuracy: 0.0068 - val_loss: 0.6939 - val_accuracy: 0.0018
200 loss: 4.8620 - accuracy: 0.0435 - val_loss: 5.8013 - val_accuracy: 3.5477e-05
250 loss: 7.6736 - accuracy: 2.3651e-05 - val_loss: 7.6743 - val_accuracy: 0.0000e+00
300 loss: 7.6622 - accuracy: 2.4637e-05 - val_loss: 7.6671 - val_accuracy: 0.0000e+00
------------------------------- 2 Capas -------------------------------

5   loss: 0.6933 - accuracy: 0.0048 - val_loss: 0.6932 - val_accuracy: 0.0078
10  loss: 0.6933 - accuracy: 0.0066 - val_loss: 0.6932 - val_accuracy: 0.0000e+00
40  loss: 0.6933 - accuracy: 0.0076 - val_loss: 0.6933 - val_accuracy: 1.7738e-04
80  loss: 0.6934 - accuracy: 0.0069 - val_loss: 0.6934 - val_accuracy: 1.7738e-05
90  loss: 0.6933 - accuracy: 0.0075 - val_loss: 0.6933 - val_accuracy: 0.0000e+00
100 loss: 0.6933 - accuracy: 0.0066 - val_loss: 0.6933 - val_accuracy: 0.0830
120 loss: 0.6933 - accuracy: 0.0073 - val_loss: 0.6934 - val_accuracy: 0.0000e+00
200 loss: 0.6934 - accuracy: 0.0066 - val_loss: 0.6934 - val_accuracy: 0.0170
250 loss: 0.6934 - accuracy: 0.0086 - val_loss: 0.6934 - val_accuracy: 0.0000e+00
300 loss: 0.6934 - accuracy: 0.0064 - val_loss: 0.6934 - val_accuracy: 0.0085